TN:
SF:src/globals.ts
FNF:0
FNH:0
DA:2,2
LF:1
LH:1
BRF:0
BRH:0
end_of_record
TN:
SF:src/app/App.tsx
FN:5,App
FN:8,(anonymous_1)
FNF:2
FNH:2
FNDA:3,App
FNDA:3,(anonymous_1)
DA:1,2
DA:2,2
DA:3,2
DA:6,3
DA:8,3
DA:9,3
DA:12,3
DA:19,2
LF:8
LH:8
BRF:0
BRH:0
end_of_record
TN:
SF:src/common/utils/prelineMock.ts
FN:15,(anonymous_0)
FN:16,(anonymous_1)
FN:21,(anonymous_2)
FN:32,(anonymous_3)
FN:36,(anonymous_4)
FNF:5
FNH:4
FNDA:2,(anonymous_0)
FNDA:0,(anonymous_1)
FNDA:5,(anonymous_2)
FNDA:2,(anonymous_3)
FNDA:2,(anonymous_4)
DA:2,2
DA:9,2
DA:15,2
DA:16,2
DA:21,2
DA:22,5
DA:32,2
DA:33,2
DA:36,2
DA:38,2
LF:10
LH:10
BRF:0
BRH:0
end_of_record
TN:
SF:src/common/utils/renderWithRouter.tsx
FN:9,(anonymous_0)
FNF:1
FNH:1
FNDA:3,(anonymous_0)
DA:2,2
DA:3,2
DA:9,2
DA:13,3
DA:15,3
DA:18,2
LF:6
LH:6
BRDA:11,0,0,3
BRDA:11,1,0,3
BRF:2
BRH:2
end_of_record
TN:
SF:src/common/utils/testUtils.ts
FNF:0
FNH:0
DA:2,2
DA:3,2
LF:2
LH:2
BRF:0
BRH:0
end_of_record
